[2026-01-13 22:49:07,123 ] 1025 httpx - INFO - HTTP Request: GET https://dagshub.com/api/v1/user "HTTP/1.1 200 OK"
[2026-01-13 22:49:07,132 ] 107 dagshub - INFO - Accessing as DakshaMudumbai
[2026-01-13 22:49:07,459 ] 1025 httpx - INFO - HTTP Request: GET https://dagshub.com/api/v1/repos/DakshaMudumbai/NetworkSecurity "HTTP/1.1 200 OK"
[2026-01-13 22:49:07,946 ] 1025 httpx - INFO - HTTP Request: GET https://dagshub.com/api/v1/user "HTTP/1.1 200 OK"
[2026-01-13 22:49:07,948 ] 107 dagshub - INFO - Initialized MLflow to track repo "DakshaMudumbai/NetworkSecurity"
[2026-01-13 22:49:07,948 ] 107 dagshub - INFO - Repository DakshaMudumbai/NetworkSecurity initialized!
[2026-01-13 22:49:20,956 ] 37 root - INFO - Star data ingestion
[2026-01-13 22:49:22,140 ] 65 root - INFO - Performed train test split on the dataframe.
[2026-01-13 22:49:22,140 ] 66 root - INFO - Exited split_data_as_train_test method of Data_Ingestion class
[2026-01-13 22:49:22,141 ] 74 root - INFO - Exporting train and tst file path.
[2026-01-13 22:49:22,168 ] 82 root - INFO - Exported train and test file path.
[2026-01-13 22:49:22,169 ] 40 root - INFO - Data Ingestion completed and artifact: DataIngestionArtifact(train_file_path='Artifacts/01_13_2026_22_49_20/data_ingestion/ingested/train.csv', test_file_path='Artifacts/01_13_2026_22_49_20/data_ingestion/ingested/test.csv')
[2026-01-13 22:49:22,171 ] 50 root - INFO - Starting Data Validation
[2026-01-13 22:49:22,180 ] 33 root - INFO - Required number of columns: 2
[2026-01-13 22:49:22,180 ] 34 root - INFO - Dataframe has columns: 31
[2026-01-13 22:49:22,180 ] 33 root - INFO - Required number of columns: 2
[2026-01-13 22:49:22,180 ] 34 root - INFO - Dataframe has columns: 31
[2026-01-13 22:49:22,244 ] 55 root - INFO - Entered the initiate_data_transformation method of Data Transformation class
[2026-01-13 22:49:22,244 ] 57 root - INFO - Starting Data Transformation
[2026-01-13 22:49:22,253 ] 44 root - INFO - Entered the get_data_transformer_object method of Data Transformation class
[2026-01-13 22:49:22,253 ] 47 root - INFO - Initialise KNNImputer with {'missing_values': nan, 'n_neighbors': 3, 'weights': 'uniform'}
[2026-01-13 22:49:22,256 ] 49 root - INFO - Entered the save_object method of Main Utils
[2026-01-13 22:49:22,258 ] 53 root - INFO - Exited the save_object method of Main Utils
[2026-01-13 22:49:22,258 ] 49 root - INFO - Entered the save_object method of Main Utils
[2026-01-13 22:49:22,259 ] 53 root - INFO - Exited the save_object method of Main Utils
[2026-01-13 22:51:57,604 ] 49 root - INFO - Entered the save_object method of Main Utils
[2026-01-13 22:51:57,619 ] 53 root - INFO - Exited the save_object method of Main Utils
[2026-01-13 22:51:57,619 ] 49 root - INFO - Entered the save_object method of Main Utils
[2026-01-13 22:51:57,627 ] 53 root - INFO - Exited the save_object method of Main Utils
[2026-01-13 22:51:57,627 ] 130 root - INFO - Model Trainer Artifact: ModelTrainerArtifact(trained_model_file_path='Artifacts/01_13_2026_22_49_20/model_trainer/trained_model/model.pkl', train_metric_artifact=ClassificationMetricArtifact(f1_score=0.9902971497877502, precision_score=0.9877016129032258, recall_score=0.9929063640048642), test_metric_artifact=ClassificationMetricArtifact(f1_score=0.9779951100244498, precision_score=0.974817221770918, recall_score=0.9811937857726901))
