[2026-01-27 10:29:59,429 ] 1025 httpx - INFO - HTTP Request: GET https://dagshub.com/api/v1/user "HTTP/1.1 200 OK"
[2026-01-27 10:29:59,439 ] 107 dagshub - INFO - Accessing as DakshaMudumbai
[2026-01-27 10:29:59,785 ] 1025 httpx - INFO - HTTP Request: GET https://dagshub.com/api/v1/repos/DakshaMudumbai/NetworkSecurity "HTTP/1.1 200 OK"
[2026-01-27 10:30:00,047 ] 1025 httpx - INFO - HTTP Request: GET https://dagshub.com/api/v1/user "HTTP/1.1 200 OK"
[2026-01-27 10:30:00,054 ] 107 dagshub - INFO - Initialized MLflow to track repo "DakshaMudumbai/NetworkSecurity"
[2026-01-27 10:30:00,055 ] 107 dagshub - INFO - Repository DakshaMudumbai/NetworkSecurity initialized!
[2026-01-27 10:31:07,221 ] 37 root - INFO - Star data ingestion
[2026-01-27 10:31:08,816 ] 72 root - INFO - Performed train test split on the dataframe.
[2026-01-27 10:31:08,816 ] 73 root - INFO - Exited split_data_as_train_test method of Data_Ingestion class
[2026-01-27 10:31:08,816 ] 81 root - INFO - Exporting train and tst file path.
[2026-01-27 10:31:08,845 ] 89 root - INFO - Exported train and test file path.
[2026-01-27 10:31:08,845 ] 40 root - INFO - Data Ingestion completed and artifact: DataIngestionArtifact(train_file_path='Artifacts/01_27_2026_10_31_07/data_ingestion/ingested/train.csv', test_file_path='Artifacts/01_27_2026_10_31_07/data_ingestion/ingested/test.csv')
[2026-01-27 10:31:08,847 ] 50 root - INFO - Starting Data Validation
[2026-01-27 10:31:08,855 ] 33 root - INFO - Required number of columns: 2
[2026-01-27 10:31:08,855 ] 34 root - INFO - Dataframe has columns: 31
[2026-01-27 10:31:08,855 ] 33 root - INFO - Required number of columns: 2
[2026-01-27 10:31:08,855 ] 34 root - INFO - Dataframe has columns: 31
[2026-01-27 10:31:08,916 ] 55 root - INFO - Entered the initiate_data_transformation method of Data Transformation class
[2026-01-27 10:31:08,916 ] 57 root - INFO - Starting Data Transformation
[2026-01-27 10:31:08,924 ] 44 root - INFO - Entered the get_data_transformer_object method of Data Transformation class
[2026-01-27 10:31:08,924 ] 47 root - INFO - Initialise KNNImputer with {'missing_values': nan, 'n_neighbors': 3, 'weights': 'uniform'}
[2026-01-27 10:31:08,928 ] 49 root - INFO - Entered the save_object method of Main Utils
[2026-01-27 10:31:08,929 ] 53 root - INFO - Exited the save_object method of Main Utils
[2026-01-27 10:31:08,929 ] 49 root - INFO - Entered the save_object method of Main Utils
[2026-01-27 10:31:08,930 ] 53 root - INFO - Exited the save_object method of Main Utils
[2026-01-27 10:33:41,167 ] 49 root - INFO - Entered the save_object method of Main Utils
[2026-01-27 10:33:41,185 ] 53 root - INFO - Exited the save_object method of Main Utils
[2026-01-27 10:33:41,185 ] 49 root - INFO - Entered the save_object method of Main Utils
[2026-01-27 10:33:41,193 ] 53 root - INFO - Exited the save_object method of Main Utils
[2026-01-27 10:33:41,194 ] 130 root - INFO - Model Trainer Artifact: ModelTrainerArtifact(trained_model_file_path='Artifacts/01_27_2026_10_31_07/model_trainer/trained_model/model.pkl', train_metric_artifact=ClassificationMetricArtifact(f1_score=0.9909543652810245, precision_score=0.9880421564653425, recall_score=0.9938837920489296), test_metric_artifact=ClassificationMetricArtifact(f1_score=0.9766336633663366, precision_score=0.9685781618224666, recall_score=0.9848242811501597))
